Determining if the pthread_create exist failed with the following output:
Change Dir: /home/mahesh/catkin_ws/build/octomap_ros/CMakeFiles/CMakeTmp

Run Build Command:/usr/bin/make "cmTryCompileExec3503412842/fast"
/usr/bin/make -f CMakeFiles/cmTryCompileExec3503412842.dir/build.make CMakeFiles/cmTryCompileExec3503412842.dir/build
make[1]: Entering directory `/home/mahesh/catkin_ws/build/octomap_ros/CMakeFiles/CMakeTmp'
/usr/bin/cmake -E cmake_progress_report /home/mahesh/catkin_ws/build/octomap_ros/CMakeFiles/CMakeTmp/CMakeFiles 1
Building C object CMakeFiles/cmTryCompileExec3503412842.dir/CheckSymbolExists.c.o
/usr/bin/cc    -o CMakeFiles/cmTryCompileExec3503412842.dir/CheckSymbolExists.c.o   -c /home/mahesh/catkin_ws/build/octomap_ros/CMakeFiles/CMakeTmp/CheckSymbolExists.c
Linking C executable cmTryCompileExec3503412842
/usr/bin/cmake -E cmake_link_script CMakeFiles/cmTryCompileExec3503412842.dir/link.txt --verbose=1
/usr/bin/cc       CMakeFiles/cmTryCompileExec3503412842.dir/CheckSymbolExists.c.o  -o cmTryCompileExec3503412842 -rdynamic 
CMakeFiles/cmTryCompileExec3503412842.dir/CheckSymbolExists.c.o: In function `main':
CheckSymbolExists.c:(.text+0x16): undefined reference to `pthread_create'
collect2: error: ld returned 1 exit status
make[1]: *** [cmTryCompileExec3503412842] Error 1
make[1]: Leaving directory `/home/mahesh/catkin_ws/build/octomap_ros/CMakeFiles/CMakeTmp'
make: *** [cmTryCompileExec3503412842/fast] Error 2

File /home/mahesh/catkin_ws/build/octomap_ros/CMakeFiles/CMakeTmp/CheckSymbolExists.c:
/* */
#include <pthread.h>

int main(int argc, char** argv)
{
  (void)argv;
#ifndef pthread_create
  return ((int*)(&pthread_create))[argc];
#else
  (void)argc;
  return 0;
#endif
}

Determining if the function pthread_create exists in the pthreads failed with the following output:
Change Dir: /home/mahesh/catkin_ws/build/octomap_ros/CMakeFiles/CMakeTmp

Run Build Command:/usr/bin/make "cmTryCompileExec34784369/fast"
/usr/bin/make -f CMakeFiles/cmTryCompileExec34784369.dir/build.make CMakeFiles/cmTryCompileExec34784369.dir/build
make[1]: Entering directory `/home/mahesh/catkin_ws/build/octomap_ros/CMakeFiles/CMakeTmp'
/usr/bin/cmake -E cmake_progress_report /home/mahesh/catkin_ws/build/octomap_ros/CMakeFiles/CMakeTmp/CMakeFiles 1
Building C object CMakeFiles/cmTryCompileExec34784369.dir/CheckFunctionExists.c.o
/usr/bin/cc   -DCHECK_FUNCTION_EXISTS=pthread_create   -o CMakeFiles/cmTryCompileExec34784369.dir/CheckFunctionExists.c.o   -c /usr/share/cmake-2.8/Modules/CheckFunctionExists.c
Linking C executable cmTryCompileExec34784369
/usr/bin/cmake -E cmake_link_script CMakeFiles/cmTryCompileExec34784369.dir/link.txt --verbose=1
/usr/bin/cc   -DCHECK_FUNCTION_EXISTS=pthread_create    CMakeFiles/cmTryCompileExec34784369.dir/CheckFunctionExists.c.o  -o cmTryCompileExec34784369 -rdynamic -lpthreads 
/usr/bin/ld: cannot find -lpthreads
collect2: error: ld returned 1 exit status
make[1]: Leaving directory `/home/mahesh/catkin_ws/build/octomap_ros/CMakeFiles/CMakeTmp'
make[1]: *** [cmTryCompileExec34784369] Error 1
make: *** [cmTryCompileExec34784369/fast] Error 2


